<?xml version="1.0" encoding="UTF-8"?>
<!-- Generated by org.testng.reporters.JUnitXMLReporter -->
<testsuite ignored="0" hostname="Ravi-PC" failures="3" tests="9" name="ZohoCRM Testcases" time="70.639" errors="0" timestamp="2021-03-29T16:21:33 IST">
  <testcase classname="com.zohocrm.qa.testcases.LoginPageLoginIdTest" name="@AfterMethod teardown" time="0.002">
    <failure type="java.lang.NullPointerException" message="Cannot invoke &amp;quot;com.aventstack.extentreports.ExtentTest.log(com.aventstack.extentreports.Status, String)&amp;quot; because &amp;quot;this.extenttest&amp;quot; is null">
      <![CDATA[java.lang.NullPointerException: Cannot invoke "com.aventstack.extentreports.ExtentTest.log(com.aventstack.extentreports.Status, String)" because "this.extenttest" is null
at com.zohocrm.qa.testcases.LoginPageLoginIdTest.teardown(LoginPageLoginIdTest.java:80)
at java.base/java.util.ArrayList.forEach(ArrayList.java:1511)
... Removed 32 stack frames]]>
    </failure>
  </testcase> <!-- @AfterMethod teardown -->
  <testcase classname="com.zohocrm.qa.testcases.LoginPageLoginIdTest" name="@BeforeMethod setup" time="-1.617015060663E9">
    <skipped/>
  </testcase> <!-- @BeforeMethod setup -->
  <testcase classname="com.zohocrm.qa.testcases.LoginPageLoginIdTest" name="@AfterMethod teardown" time="-1.61701506068E9">
    <skipped/>
  </testcase> <!-- @AfterMethod teardown -->
  <testcase classname="com.zohocrm.qa.testcases.LoginPagePasswordTest" name="@AfterMethod teardown" time="0.001">
    <failure type="java.lang.NullPointerException" message="Cannot invoke &amp;quot;com.aventstack.extentreports.ExtentTest.log(com.aventstack.extentreports.Status, String)&amp;quot; because &amp;quot;this.extenttest&amp;quot; is null">
      <![CDATA[java.lang.NullPointerException: Cannot invoke "com.aventstack.extentreports.ExtentTest.log(com.aventstack.extentreports.Status, String)" because "this.extenttest" is null
at com.zohocrm.qa.testcases.LoginPagePasswordTest.teardown(LoginPagePasswordTest.java:94)
at java.base/java.util.ArrayList.forEach(ArrayList.java:1511)
... Removed 32 stack frames]]>
    </failure>
  </testcase> <!-- @AfterMethod teardown -->
  <testcase classname="com.zohocrm.qa.testcases.LoginPagePasswordTest" name="@BeforeMethod setup" time="-1.617015073193E9">
    <skipped/>
  </testcase> <!-- @BeforeMethod setup -->
  <testcase classname="com.zohocrm.qa.testcases.LoginPagePasswordTest" name="@AfterMethod teardown" time="-1.617015073224E9">
    <skipped/>
  </testcase> <!-- @AfterMethod teardown -->
  <testcase classname="com.zohocrm.qa.testcases.HomePageTest" name="@AfterMethod teardown" time="0.004">
    <failure type="java.lang.NullPointerException" message="Cannot invoke &amp;quot;com.aventstack.extentreports.ExtentTest.log(com.aventstack.extentreports.Status, String)&amp;quot; because &amp;quot;this.extenttest&amp;quot; is null">
      <![CDATA[java.lang.NullPointerException: Cannot invoke "com.aventstack.extentreports.ExtentTest.log(com.aventstack.extentreports.Status, String)" because "this.extenttest" is null
at com.zohocrm.qa.testcases.HomePageTest.teardown(HomePageTest.java:116)
at java.base/java.util.ArrayList.forEach(ArrayList.java:1511)
... Removed 32 stack frames]]>
    </failure>
  </testcase> <!-- @AfterMethod teardown -->
  <testcase classname="com.zohocrm.qa.testcases.HomePageTest" name="@BeforeMethod setup" time="-1.617015093145E9">
    <skipped/>
  </testcase> <!-- @BeforeMethod setup -->
  <testcase classname="com.zohocrm.qa.testcases.HomePageTest" name="@AfterMethod teardown" time="-1.617015093155E9">
    <skipped/>
  </testcase> <!-- @AfterMethod teardown -->
  <testcase classname="com.zohocrm.qa.testcases.HomePageTest" name="@BeforeMethod setup" time="-1.617015093168E9">
    <skipped/>
  </testcase> <!-- @BeforeMethod setup -->
  <testcase classname="com.zohocrm.qa.testcases.HomePageTest" name="@AfterMethod teardown" time="-1.61701509319E9">
    <skipped/>
  </testcase> <!-- @AfterMethod teardown -->
  <testcase classname="com.zohocrm.qa.testcases.LandingPageTest" name="landingPageTitleTest" time="0.293"/>
  <testcase classname="com.zohocrm.qa.testcases.LandingPageTest" name="ClickOnSignInTest" time="5.821"/>
  <testcase classname="com.zohocrm.qa.testcases.LoginPageLoginIdTest" name="LoginPageLoginIdTitleTest" time="0.004">
    <failure type="java.lang.NullPointerException" message="Cannot invoke &amp;quot;com.aventstack.extentreports.ExtentReports.createTest(String)&amp;quot; because &amp;quot;this.extent&amp;quot; is null">
      <![CDATA[java.lang.NullPointerException: Cannot invoke "com.aventstack.extentreports.ExtentReports.createTest(String)" because "this.extent" is null
at com.zohocrm.qa.testcases.LoginPageLoginIdTest.LoginPageLoginIdTitleTest(LoginPageLoginIdTest.java:63)
at java.base/java.util.ArrayList.forEach(ArrayList.java:1511)
... Removed 27 stack frames]]>
    </failure>
  </testcase> <!-- LoginPageLoginIdTitleTest -->
  <testcase classname="com.zohocrm.qa.testcases.LoginPageLoginIdTest" name="ClickOnNextBtnTest" time="0.0">
    <skipped/>
  </testcase> <!-- ClickOnNextBtnTest -->
  <testcase classname="com.zohocrm.qa.testcases.LoginPagePasswordTest" name="ClickOnSignInBtnTest" time="0.004">
    <failure type="java.lang.NullPointerException" message="Cannot invoke &amp;quot;com.aventstack.extentreports.ExtentReports.createTest(String)&amp;quot; because &amp;quot;this.extent&amp;quot; is null">
      <![CDATA[java.lang.NullPointerException: Cannot invoke "com.aventstack.extentreports.ExtentReports.createTest(String)" because "this.extent" is null
at com.zohocrm.qa.testcases.LoginPagePasswordTest.ClickOnSignInBtnTest(LoginPagePasswordTest.java:82)
at java.base/java.util.ArrayList.forEach(ArrayList.java:1511)
... Removed 27 stack frames]]>
    </failure>
  </testcase> <!-- ClickOnSignInBtnTest -->
  <testcase classname="com.zohocrm.qa.testcases.LoginPagePasswordTest" name="LoginPagePasswordTitleTest" time="0.0">
    <skipped/>
  </testcase> <!-- LoginPagePasswordTitleTest -->
  <testcase classname="com.zohocrm.qa.testcases.HomePageTest" name="VerifyHomePageTest" time="0.008">
    <failure type="java.lang.NullPointerException" message="Cannot invoke &amp;quot;com.aventstack.extentreports.ExtentReports.createTest(String)&amp;quot; because &amp;quot;this.extent&amp;quot; is null">
      <![CDATA[java.lang.NullPointerException: Cannot invoke "com.aventstack.extentreports.ExtentReports.createTest(String)" because "this.extent" is null
at com.zohocrm.qa.testcases.HomePageTest.VerifyHomePageTest(HomePageTest.java:81)
at java.base/java.util.ArrayList.forEach(ArrayList.java:1511)
... Removed 27 stack frames]]>
    </failure>
  </testcase> <!-- VerifyHomePageTest -->
  <testcase classname="com.zohocrm.qa.testcases.HomePageTest" name="ContactLinkClickTest" time="0.0">
    <skipped/>
  </testcase> <!-- ContactLinkClickTest -->
  <testcase classname="com.zohocrm.qa.testcases.HomePageTest" name="SignOutTest" time="0.0">
    <skipped/>
  </testcase> <!-- SignOutTest -->
</testsuite> <!-- ZohoCRM Testcases -->
