<!DOCTYPE html PUBLIC "-//W3C//DTD XHTML 1.1//EN" "https://www.w3.org/TR/xhtml11/DTD/xhtml11.dtd">
<html xmlns="https://www.w3.org/1999/xhtml">
<head>
<meta http-equiv="content-type" content="text/html; charset=UTF-8"/>
<title>TestNG Report</title>
<style type="text/css">table {margin-bottom:10px;border-collapse:collapse;empty-cells:show}th,td {border:1px solid #009;padding:.25em .5em}th {vertical-align:bottom}td {vertical-align:top}table a {font-weight:bold}.stripe td {background-color: #E6EBF9}.num {text-align:right}.passedodd td {background-color: #3F3}.passedeven td {background-color: #0A0}.skippedodd td {background-color: #DDD}.skippedeven td {background-color: #CCC}.failedodd td,.attn {background-color: #F33}.failedeven td,.stripe .attn {background-color: #D00}.stacktrace {white-space:pre;font-family:monospace}.totop {font-size:85%;text-align:center;border-bottom:2px solid #000}.invisible {display:none}</style>
</head>
<body>
<table>
<tr><th>Test</th><th># Passed</th><th># Skipped</th><th># Retried</th><th># Failed</th><th>Time (ms)</th><th>Included Groups</th><th>Excluded Groups</th></tr>
<tr><th colspan="8">ZohoCRM Automation Test Suite</th></tr>
<tr><td><a href="#t0">ZohoCRM Testcases</a></td><td class="num">2</td><td class="num attn">4</td><td class="num">0</td><td class="num attn">3</td><td class="num">70,639</td><td></td><td></td></tr>
</table>
<table id='summary'><thead><tr><th>Class</th><th>Method</th><th>Start</th><th>Time (ms)</th></tr></thead><tbody><tr><th colspan="4">ZohoCRM Automation Test Suite</th></tr></tbody><tbody id="t0"><tr><th colspan="4">ZohoCRM Testcases &#8212; failed (configuration methods)</th></tr><tr class="failedeven"><td rowspan="1">com.zohocrm.qa.testcases.HomePageTest</td><td><a href="#m0">teardown</a></td><td rowspan="1">1617015093137</td><td rowspan="1">4</td></tr><tr class="failedodd"><td rowspan="1">com.zohocrm.qa.testcases.LoginPageLoginIdTest</td><td><a href="#m1">teardown</a></td><td rowspan="1">1617015060655</td><td rowspan="1">2</td></tr><tr class="failedeven"><td rowspan="1">com.zohocrm.qa.testcases.LoginPagePasswordTest</td><td><a href="#m2">teardown</a></td><td rowspan="1">1617015073184</td><td rowspan="1">1</td></tr><tr><th colspan="4">ZohoCRM Testcases &#8212; failed</th></tr><tr class="failedeven"><td rowspan="1">com.zohocrm.qa.testcases.HomePageTest</td><td><a href="#m3">VerifyHomePageTest</a></td><td rowspan="1">1617015093119</td><td rowspan="1">8</td></tr><tr class="failedodd"><td rowspan="1">com.zohocrm.qa.testcases.LoginPageLoginIdTest</td><td><a href="#m4">LoginPageLoginIdTitleTest</a></td><td rowspan="1">1617015060641</td><td rowspan="1">4</td></tr><tr class="failedeven"><td rowspan="1">com.zohocrm.qa.testcases.LoginPagePasswordTest</td><td><a href="#m5">ClickOnSignInBtnTest</a></td><td rowspan="1">1617015073177</td><td rowspan="1">4</td></tr><tr><th colspan="4">ZohoCRM Testcases &#8212; skipped (configuration methods)</th></tr><tr class="skippedeven"><td rowspan="5">com.zohocrm.qa.testcases.HomePageTest</td><td><a href="#m6">ReportFlush</a></td><td rowspan="1">1617015094061</td><td rowspan="1">-1617015094061</td></tr><tr class="skippedeven"><td><a href="#m7">setup</a></td><td rowspan="2">1617015093145</td><td rowspan="2">-1617015093145</td></tr><tr class="skippedeven"><td><a href="#m8">setup</a></td></tr><tr class="skippedeven"><td><a href="#m9">teardown</a></td><td rowspan="2">1617015093190</td><td rowspan="2">-1617015093190</td></tr><tr class="skippedeven"><td><a href="#m10">teardown</a></td></tr><tr class="skippedodd"><td rowspan="1">com.zohocrm.qa.testcases.LandingPageTest</td><td><a href="#m11">ReportFlush</a></td><td rowspan="1">1617015094063</td><td rowspan="1">-1617015094063</td></tr><tr class="skippedeven"><td rowspan="2">com.zohocrm.qa.testcases.LoginPageLoginIdTest</td><td><a href="#m12">setup</a></td><td rowspan="1">1617015060663</td><td rowspan="1">-1617015060663</td></tr><tr class="skippedeven"><td><a href="#m13">teardown</a></td><td rowspan="1">1617015060680</td><td rowspan="1">-1617015060680</td></tr><tr class="skippedodd"><td rowspan="2">com.zohocrm.qa.testcases.LoginPagePasswordTest</td><td><a href="#m14">setup</a></td><td rowspan="1">1617015073193</td><td rowspan="1">-1617015073193</td></tr><tr class="skippedodd"><td><a href="#m15">teardown</a></td><td rowspan="1">1617015073224</td><td rowspan="1">-1617015073224</td></tr><tr><th colspan="4">ZohoCRM Testcases &#8212; skipped</th></tr><tr class="skippedeven"><td rowspan="2">com.zohocrm.qa.testcases.HomePageTest</td><td><a href="#m16">ContactLinkClickTest</a></td><td rowspan="1">1617015093148</td><td rowspan="1">0</td></tr><tr class="skippedeven"><td><a href="#m17">SignOutTest</a></td><td rowspan="1">1617015093171</td><td rowspan="1">0</td></tr><tr class="skippedodd"><td rowspan="1">com.zohocrm.qa.testcases.LoginPageLoginIdTest</td><td><a href="#m18">ClickOnNextBtnTest</a></td><td rowspan="1">1617015060671</td><td rowspan="1">0</td></tr><tr class="skippedeven"><td rowspan="1">com.zohocrm.qa.testcases.LoginPagePasswordTest</td><td><a href="#m19">LoginPagePasswordTitleTest</a></td><td rowspan="1">1617015073200</td><td rowspan="1">0</td></tr><tr><th colspan="4">ZohoCRM Testcases &#8212; passed</th></tr><tr class="passedeven"><td rowspan="2">com.zohocrm.qa.testcases.LandingPageTest</td><td><a href="#m20">ClickOnSignInTest</a></td><td rowspan="1">1617015042047</td><td rowspan="1">5821</td></tr><tr class="passedeven"><td><a href="#m21">landingPageTitleTest</a></td><td rowspan="1">1617015035002</td><td rowspan="1">293</td></tr></tbody>
</table>
<h2>ZohoCRM Testcases</h2><h3 id="m0">com.zohocrm.qa.testcases.HomePageTest#teardown</h3><table class="result"><tr class="param"><th>Parameter #1</th></tr><tr class="param stripe"><td>[TestResult name=VerifyHomePageTest status=FAILURE method=HomePageTest.VerifyHomePageTest()[pri:1, instance:com.zohocrm.qa.testcases.HomePageTest@647e447] output={null}]</td></tr><tr><th>Exception</th></tr><tr><td><div class="stacktrace">java.lang.NullPointerException: Cannot invoke &quot;com.aventstack.extentreports.ExtentTest.log(com.aventstack.extentreports.Status, String)&quot; because &quot;this.extenttest&quot; is null
	at com.zohocrm.qa.testcases.HomePageTest.teardown(HomePageTest.java:116)
	at java.base/java.util.ArrayList.forEach(ArrayList.java:1511)
... Removed 32 stack frames</div></td></tr></table><p class="totop"><a href="#summary">back to summary</a></p>
<h3 id="m1">com.zohocrm.qa.testcases.LoginPageLoginIdTest#teardown</h3><table class="result"><tr class="param"><th>Parameter #1</th></tr><tr class="param stripe"><td>[TestResult name=LoginPageLoginIdTitleTest status=FAILURE method=LoginPageLoginIdTest.LoginPageLoginIdTitleTest()[pri:1, instance:com.zohocrm.qa.testcases.LoginPageLoginIdTest@28eaa59a] output={null}]</td></tr><tr><th>Exception</th></tr><tr><td><div class="stacktrace">java.lang.NullPointerException: Cannot invoke &quot;com.aventstack.extentreports.ExtentTest.log(com.aventstack.extentreports.Status, String)&quot; because &quot;this.extenttest&quot; is null
	at com.zohocrm.qa.testcases.LoginPageLoginIdTest.teardown(LoginPageLoginIdTest.java:80)
	at java.base/java.util.ArrayList.forEach(ArrayList.java:1511)
... Removed 32 stack frames</div></td></tr></table><p class="totop"><a href="#summary">back to summary</a></p>
<h3 id="m2">com.zohocrm.qa.testcases.LoginPagePasswordTest#teardown</h3><table class="result"><tr class="param"><th>Parameter #1</th></tr><tr class="param stripe"><td>[TestResult name=ClickOnSignInBtnTest status=FAILURE method=LoginPagePasswordTest.ClickOnSignInBtnTest()[pri:1, instance:com.zohocrm.qa.testcases.LoginPagePasswordTest@3427b02d] output={null}]</td></tr><tr><th>Exception</th></tr><tr><td><div class="stacktrace">java.lang.NullPointerException: Cannot invoke &quot;com.aventstack.extentreports.ExtentTest.log(com.aventstack.extentreports.Status, String)&quot; because &quot;this.extenttest&quot; is null
	at com.zohocrm.qa.testcases.LoginPagePasswordTest.teardown(LoginPagePasswordTest.java:94)
	at java.base/java.util.ArrayList.forEach(ArrayList.java:1511)
... Removed 32 stack frames</div></td></tr></table><p class="totop"><a href="#summary">back to summary</a></p>
<h3 id="m3">com.zohocrm.qa.testcases.HomePageTest#VerifyHomePageTest</h3><table class="result"><tr><th>Exception</th></tr><tr><td><div class="stacktrace">java.lang.NullPointerException: Cannot invoke &quot;com.aventstack.extentreports.ExtentReports.createTest(String)&quot; because &quot;this.extent&quot; is null
	at com.zohocrm.qa.testcases.HomePageTest.VerifyHomePageTest(HomePageTest.java:81)
	at java.base/java.util.ArrayList.forEach(ArrayList.java:1511)
... Removed 27 stack frames</div></td></tr></table><p class="totop"><a href="#summary">back to summary</a></p>
<h3 id="m4">com.zohocrm.qa.testcases.LoginPageLoginIdTest#LoginPageLoginIdTitleTest</h3><table class="result"><tr><th>Exception</th></tr><tr><td><div class="stacktrace">java.lang.NullPointerException: Cannot invoke &quot;com.aventstack.extentreports.ExtentReports.createTest(String)&quot; because &quot;this.extent&quot; is null
	at com.zohocrm.qa.testcases.LoginPageLoginIdTest.LoginPageLoginIdTitleTest(LoginPageLoginIdTest.java:63)
	at java.base/java.util.ArrayList.forEach(ArrayList.java:1511)
... Removed 27 stack frames</div></td></tr></table><p class="totop"><a href="#summary">back to summary</a></p>
<h3 id="m5">com.zohocrm.qa.testcases.LoginPagePasswordTest#ClickOnSignInBtnTest</h3><table class="result"><tr><th>Exception</th></tr><tr><td><div class="stacktrace">java.lang.NullPointerException: Cannot invoke &quot;com.aventstack.extentreports.ExtentReports.createTest(String)&quot; because &quot;this.extent&quot; is null
	at com.zohocrm.qa.testcases.LoginPagePasswordTest.ClickOnSignInBtnTest(LoginPagePasswordTest.java:82)
	at java.base/java.util.ArrayList.forEach(ArrayList.java:1511)
... Removed 27 stack frames</div></td></tr></table><p class="totop"><a href="#summary">back to summary</a></p>
<h3 id="m6">com.zohocrm.qa.testcases.HomePageTest#ReportFlush</h3><table class="result"><tr><th class="invisible"/></tr></table><p class="totop"><a href="#summary">back to summary</a></p>
<h3 id="m7">com.zohocrm.qa.testcases.HomePageTest#setup</h3><table class="result"><tr><th class="invisible"/></tr></table><p class="totop"><a href="#summary">back to summary</a></p>
<h3 id="m8">com.zohocrm.qa.testcases.HomePageTest#setup</h3><table class="result"><tr><th class="invisible"/></tr></table><p class="totop"><a href="#summary">back to summary</a></p>
<h3 id="m9">com.zohocrm.qa.testcases.HomePageTest#teardown</h3><table class="result"><tr><th class="invisible"/></tr></table><p class="totop"><a href="#summary">back to summary</a></p>
<h3 id="m10">com.zohocrm.qa.testcases.HomePageTest#teardown</h3><table class="result"><tr><th class="invisible"/></tr></table><p class="totop"><a href="#summary">back to summary</a></p>
<h3 id="m11">com.zohocrm.qa.testcases.LandingPageTest#ReportFlush</h3><table class="result"><tr><th class="invisible"/></tr></table><p class="totop"><a href="#summary">back to summary</a></p>
<h3 id="m12">com.zohocrm.qa.testcases.LoginPageLoginIdTest#setup</h3><table class="result"><tr><th class="invisible"/></tr></table><p class="totop"><a href="#summary">back to summary</a></p>
<h3 id="m13">com.zohocrm.qa.testcases.LoginPageLoginIdTest#teardown</h3><table class="result"><tr><th class="invisible"/></tr></table><p class="totop"><a href="#summary">back to summary</a></p>
<h3 id="m14">com.zohocrm.qa.testcases.LoginPagePasswordTest#setup</h3><table class="result"><tr><th class="invisible"/></tr></table><p class="totop"><a href="#summary">back to summary</a></p>
<h3 id="m15">com.zohocrm.qa.testcases.LoginPagePasswordTest#teardown</h3><table class="result"><tr><th class="invisible"/></tr></table><p class="totop"><a href="#summary">back to summary</a></p>
<h3 id="m16">com.zohocrm.qa.testcases.HomePageTest#ContactLinkClickTest</h3><table class="result"><tr><th>Exception</th></tr><tr><td><div class="stacktrace">java.lang.NullPointerException: Cannot invoke &quot;com.aventstack.extentreports.ExtentTest.log(com.aventstack.extentreports.Status, String)&quot; because &quot;this.extenttest&quot; is null
	at com.zohocrm.qa.testcases.HomePageTest.teardown(HomePageTest.java:116)
	at java.base/java.util.ArrayList.forEach(ArrayList.java:1511)
... Removed 32 stack frames</div></td></tr></table><p class="totop"><a href="#summary">back to summary</a></p>
<h3 id="m17">com.zohocrm.qa.testcases.HomePageTest#SignOutTest</h3><table class="result"><tr><th>Exception</th></tr><tr><td><div class="stacktrace">java.lang.NullPointerException: Cannot invoke &quot;com.aventstack.extentreports.ExtentTest.log(com.aventstack.extentreports.Status, String)&quot; because &quot;this.extenttest&quot; is null
	at com.zohocrm.qa.testcases.HomePageTest.teardown(HomePageTest.java:116)
	at java.base/java.util.ArrayList.forEach(ArrayList.java:1511)
... Removed 32 stack frames</div></td></tr></table><p class="totop"><a href="#summary">back to summary</a></p>
<h3 id="m18">com.zohocrm.qa.testcases.LoginPageLoginIdTest#ClickOnNextBtnTest</h3><table class="result"><tr><th>Exception</th></tr><tr><td><div class="stacktrace">java.lang.NullPointerException: Cannot invoke &quot;com.aventstack.extentreports.ExtentTest.log(com.aventstack.extentreports.Status, String)&quot; because &quot;this.extenttest&quot; is null
	at com.zohocrm.qa.testcases.LoginPageLoginIdTest.teardown(LoginPageLoginIdTest.java:80)
	at java.base/java.util.ArrayList.forEach(ArrayList.java:1511)
... Removed 32 stack frames</div></td></tr></table><p class="totop"><a href="#summary">back to summary</a></p>
<h3 id="m19">com.zohocrm.qa.testcases.LoginPagePasswordTest#LoginPagePasswordTitleTest</h3><table class="result"><tr><th>Exception</th></tr><tr><td><div class="stacktrace">java.lang.NullPointerException: Cannot invoke &quot;com.aventstack.extentreports.ExtentTest.log(com.aventstack.extentreports.Status, String)&quot; because &quot;this.extenttest&quot; is null
	at com.zohocrm.qa.testcases.LoginPagePasswordTest.teardown(LoginPagePasswordTest.java:94)
	at java.base/java.util.ArrayList.forEach(ArrayList.java:1511)
... Removed 32 stack frames</div></td></tr></table><p class="totop"><a href="#summary">back to summary</a></p>
<h3 id="m20">com.zohocrm.qa.testcases.LandingPageTest#ClickOnSignInTest</h3><table class="result"><tr><th class="invisible"/></tr></table><p class="totop"><a href="#summary">back to summary</a></p>
<h3 id="m21">com.zohocrm.qa.testcases.LandingPageTest#landingPageTitleTest</h3><table class="result"><tr><th class="invisible"/></tr></table><p class="totop"><a href="#summary">back to summary</a></p>
</body>
</html>
